0 info it worked if it ends with ok
1 verbose cli [ '/usr/local/bin/node',
1 verbose cli   '/usr/local/bin/npm',
1 verbose cli   'update',
1 verbose cli   'fis3',
1 verbose cli   '-g',
1 verbose cli   '--verbose' ]
2 info using npm@2.15.0
3 info using node@v4.4.2
4 silly mapToRegistry name fis3
5 silly mapToRegistry using default registry
6 silly mapToRegistry registry https://registry.npmjs.org/
7 silly mapToRegistry data Result {
7 silly mapToRegistry   raw: 'fis3',
7 silly mapToRegistry   scope: null,
7 silly mapToRegistry   name: 'fis3',
7 silly mapToRegistry   rawSpec: '',
7 silly mapToRegistry   spec: 'latest',
7 silly mapToRegistry   type: 'tag' }
8 silly mapToRegistry uri https://registry.npmjs.org/fis3
9 verbose request uri https://registry.npmjs.org/fis3
10 verbose request no auth needed
11 info attempt registry request try #1 at 21:17:43
12 verbose request id 2bda8fcb3cab4e00
13 http request GET https://registry.npmjs.org/fis3
14 http 200 https://registry.npmjs.org/fis3
15 verbose headers { server: 'CouchDB/1.5.0 (Erlang OTP/R16B03)',
15 verbose headers   etag: '"3UR0BGOT1XH02N81MGJPXXSO0"',
15 verbose headers   'content-type': 'application/json',
15 verbose headers   'content-encoding': 'gzip',
15 verbose headers   'cache-control': 'max-age=300',
15 verbose headers   'content-length': '23761',
15 verbose headers   'accept-ranges': 'bytes',
15 verbose headers   date: 'Mon, 30 May 2016 13:17:44 GMT',
15 verbose headers   via: '1.1 varnish',
15 verbose headers   age: '0',
15 verbose headers   connection: 'keep-alive',
15 verbose headers   'x-served-by': 'cache-nrt6129-NRT',
15 verbose headers   'x-cache': 'MISS',
15 verbose headers   'x-cache-hits': '0',
15 verbose headers   'x-timer': 'S1464614263.792652,VS0,VE409',
15 verbose headers   vary: 'Accept-Encoding' }
16 silly get cb [ 200,
16 silly get   { server: 'CouchDB/1.5.0 (Erlang OTP/R16B03)',
16 silly get     etag: '"3UR0BGOT1XH02N81MGJPXXSO0"',
16 silly get     'content-type': 'application/json',
16 silly get     'content-encoding': 'gzip',
16 silly get     'cache-control': 'max-age=300',
16 silly get     'content-length': '23761',
16 silly get     'accept-ranges': 'bytes',
16 silly get     date: 'Mon, 30 May 2016 13:17:44 GMT',
16 silly get     via: '1.1 varnish',
16 silly get     age: '0',
16 silly get     connection: 'keep-alive',
16 silly get     'x-served-by': 'cache-nrt6129-NRT',
16 silly get     'x-cache': 'MISS',
16 silly get     'x-cache-hits': '0',
16 silly get     'x-timer': 'S1464614263.792652,VS0,VE409',
16 silly get     vary: 'Accept-Encoding' } ]
17 verbose get saving fis3 to /Users/Moon/.npm/registry.npmjs.org/fis3/.cache.json
18 verbose correctMkdir /Users/Moon/.npm correctMkdir not in flight; initializing
19 info outdated updating [ [ '/usr/local/lib', 'fis3', '3.2.0', '3.4.3', '3.4.3', 'latest' ] ]
20 verbose install where, what [ '/usr/local/lib', [ 'fis3@3.4.3' ] ]
21 verbose install initial load of /usr/local/lib/package.json
22 verbose readDependencies loading dependencies from /usr/local/lib/package.json
23 silly cache add args [ 'fis3@3.4.3', null ]
24 verbose cache add spec fis3@3.4.3
25 silly cache add parsed spec Result {
25 silly cache add   raw: 'fis3@3.4.3',
25 silly cache add   scope: null,
25 silly cache add   name: 'fis3',
25 silly cache add   rawSpec: '3.4.3',
25 silly cache add   spec: '3.4.3',
25 silly cache add   type: 'version' }
26 silly addNamed fis3@3.4.3
27 verbose addNamed "3.4.3" is a plain semver version for fis3
28 silly mapToRegistry name fis3
29 silly mapToRegistry using default registry
30 silly mapToRegistry registry https://registry.npmjs.org/
31 silly mapToRegistry data Result {
31 silly mapToRegistry   raw: 'fis3',
31 silly mapToRegistry   scope: null,
31 silly mapToRegistry   name: 'fis3',
31 silly mapToRegistry   rawSpec: '',
31 silly mapToRegistry   spec: 'latest',
31 silly mapToRegistry   type: 'tag' }
32 silly mapToRegistry uri https://registry.npmjs.org/fis3
33 verbose addNameVersion registry:https://registry.npmjs.org/fis3 not in flight; fetching
34 verbose get https://registry.npmjs.org/fis3 not expired, no request
35 silly mapToRegistry name fis3
36 silly mapToRegistry using default registry
37 silly mapToRegistry registry https://registry.npmjs.org/
38 silly mapToRegistry data Result {
38 silly mapToRegistry   raw: 'fis3',
38 silly mapToRegistry   scope: null,
38 silly mapToRegistry   name: 'fis3',
38 silly mapToRegistry   rawSpec: '',
38 silly mapToRegistry   spec: 'latest',
38 silly mapToRegistry   type: 'tag' }
39 silly mapToRegistry uri https://registry.npmjs.org/fis3
40 verbose addRemoteTarball https://registry.npmjs.org/fis3/-/fis3-3.4.3.tgz not in flight; adding
41 verbose addRemoteTarball [ 'https://registry.npmjs.org/fis3/-/fis3-3.4.3.tgz',
41 verbose addRemoteTarball   'd101065bb32affbe1a9cc4820ce99d5db08644bb' ]
42 info retry fetch attempt 1 at 21:17:44
43 info attempt registry request try #1 at 21:17:44
44 http fetch GET https://registry.npmjs.org/fis3/-/fis3-3.4.3.tgz
45 http fetch 200 https://registry.npmjs.org/fis3/-/fis3-3.4.3.tgz
46 silly fetchAndShaCheck shasum d101065bb32affbe1a9cc4820ce99d5db08644bb
47 verbose addTmpTarball /var/folders/k8/5812wqhx1x72lt928tznj5240000gp/T/npm-26503-840e33fb/registry.npmjs.org/fis3/-/fis3-3.4.3.tgz not in flight; adding
48 verbose addTmpTarball already have metadata; skipping unpack for fis3@3.4.3
49 verbose correctMkdir /Users/Moon/.npm correctMkdir not in flight; initializing
50 silly cache afterAdd fis3@3.4.3
51 verbose afterAdd /Users/Moon/.npm/fis3/3.4.3/package/package.json not in flight; writing
52 verbose correctMkdir /Users/Moon/.npm correctMkdir not in flight; initializing
53 verbose afterAdd /Users/Moon/.npm/fis3/3.4.3/package/package.json written
54 silly install resolved [ { name: 'fis3',
54 silly install resolved     version: '3.4.3',
54 silly install resolved     description: 'fis 3.0',
54 silly install resolved     main: 'index.js',
54 silly install resolved     bin: { fis3: 'bin/fis.js' },
54 silly install resolved     dependencies:
54 silly install resolved      { colors: '0.6.2',
54 silly install resolved        commander: '1.3.2',
54 silly install resolved        glob: '5.0.3',
54 silly install resolved        'iconv-lite': '0.2.10',
54 silly install resolved        liftoff: '2.2.1',
54 silly install resolved        lodash: '4.12.0',
54 silly install resolved        minimatch: '2.0.4',
54 silly install resolved        minimist: '1.1.1',
54 silly install resolved        tar: '2.2.1',
54 silly install resolved        'fis-command-install': '0.2.15',
54 silly install resolved        'fis-lolcat': '1.0.1',
54 silly install resolved        'fis-optimizer-clean-css': '0.0.9',
54 silly install resolved        'fis-optimizer-png-compressor': '0.1.6',
54 silly install resolved        'fis-optimizer-uglify-js': '0.2.0',
54 silly install resolved        'fis-spriter-csssprites': '0.3.11',
54 silly install resolved        'fis3-command-init': '1.0.13',
54 silly install resolved        'fis3-command-inspect': '1.0.3',
54 silly install resolved        'fis3-command-release': '1.3.5',
54 silly install resolved        'fis3-command-server': '0.0.9',
54 silly install resolved        'fis3-server-node': '0.1.0',
54 silly install resolved        'fis3-deploy-http-push': '1.0.1',
54 silly install resolved        'fis3-deploy-encoding': '1.0.0',
54 silly install resolved        'fis3-deploy-local-deliver': '1.0.0',
54 silly install resolved        'fis3-hook-components': '1.0.4',
54 silly install resolved        'fis3-packager-map': '1.1.2',
54 silly install resolved        'fis3-errors': '*' },
54 silly install resolved     devDependencies:
54 silly install resolved      { chai: '^2.2.0',
54 silly install resolved        jsdoc: '^3.3.2',
54 silly install resolved        minami: 'git://github.com/2betop/minami.git',
54 silly install resolved        mocha: '^2.2.1',
54 silly install resolved        'mocha-junit-reporter': '^1.4.0',
54 silly install resolved        'npm-watch': '0.0.0',
54 silly install resolved        istanbul: '~0.2.14',
54 silly install resolved        coveralls: '2.10.0',
54 silly install resolved        'fis3-postpackager-loader': '1.2.7',
54 silly install resolved        'fis3-hook-cmd': '0.0.1' },
54 silly install resolved     watch: { jsdoc: 'lib/*.js' },
54 silly install resolved     scripts:
54 silly install resolved      { test: 'mocha test',
54 silly install resolved        'test-cov': 'istanbul cover node_modules/mocha/bin/_mocha -- --reporter dot --check-leaks test',
54 silly install resolved        jsdoc: 'jsdoc --readme ./doc/docs/api/dev-plugin.md ./lib -r -t ./node_modules/minami -c .jsdoc.json -d ./doc/api',
54 silly install resolved        watch: 'npm-watch',
54 silly install resolved        'test-travis': 'istanbul cover node_modules/mocha/bin/_mocha test/*.js' },
54 silly install resolved     repository: { type: 'git', url: 'git+https://github.com/fex-team/fis3.git' },
54 silly install resolved     keywords: [ 'fis' ],
54 silly install resolved     author: { name: 'fis' },
54 silly install resolved     license: 'BSD',
54 silly install resolved     bugs: { url: 'https://github.com/fex-team/fis3/issues' },
54 silly install resolved     homepage: 'https://github.com/fex-team/fis3',
54 silly install resolved     gitHead: '972a064ef6a2d5e4d7eec456db7bd924bfdb82cf',
54 silly install resolved     _id: 'fis3@3.4.3',
54 silly install resolved     _shasum: 'd101065bb32affbe1a9cc4820ce99d5db08644bb',
54 silly install resolved     _from: 'fis3@3.4.3',
54 silly install resolved     _npmVersion: '3.8.6',
54 silly install resolved     _nodeVersion: '6.1.0',
54 silly install resolved     _npmUser: { name: '2betop', email: '2betop.cn@gmail.com' },
54 silly install resolved     dist:
54 silly install resolved      { shasum: 'd101065bb32affbe1a9cc4820ce99d5db08644bb',
54 silly install resolved        tarball: 'https://registry.npmjs.org/fis3/-/fis3-3.4.3.tgz' },
54 silly install resolved     maintainers: [ [Object], [Object], [Object] ],
54 silly install resolved     _npmOperationalInternal:
54 silly install resolved      { host: 'packages-12-west.internal.npmjs.com',
54 silly install resolved        tmp: 'tmp/fis3-3.4.3.tgz_1464339860472_0.6505273769143969' },
54 silly install resolved     directories: {},
54 silly install resolved     _resolved: 'https://registry.npmjs.org/fis3/-/fis3-3.4.3.tgz' } ]
55 info install fis3@3.4.3 into /usr/local/lib
56 info installOne fis3@3.4.3
57 verbose installOne of fis3 to /usr/local/lib not in flight; installing
58 verbose correctMkdir /Users/Moon/.npm/_locks correctMkdir not in flight; initializing
59 verbose lock using /Users/Moon/.npm/_locks/fis3-5ca558fed76deb4c.lock for /usr/local/lib/node_modules/fis3
60 silly install write writing fis3 3.4.3 to /usr/local/lib/node_modules/fis3
61 verbose unbuild lib/node_modules/fis3
62 info preuninstall fis3@3.2.0
63 info uninstall fis3@3.2.0
64 verbose unbuild rmStuff fis3@3.2.0 from /usr/local/lib/node_modules
65 silly gentlyRm /usr/local/bin/fis3 is being gently removed
66 silly gentlyRm verifying /usr/local is an npm working directory
67 silly gentlyRm containing path /usr/local is under npm's control, in /usr/local
68 silly gentlyRm deletion target /usr/local/bin/fis3 is under /usr/local
69 verbose gentlyRm vacuuming from /usr/local/bin/fis3 up to /usr/local
70 silly vacuum-fs removing /usr/local/bin/fis3
71 verbose unlock done using /Users/Moon/.npm/_locks/fis3-5ca558fed76deb4c.lock for /usr/local/lib/node_modules/fis3
72 verbose stack Error: EACCES: permission denied, unlink '/usr/local/bin/fis3'
72 verbose stack     at Error (native)
73 verbose cwd /Users/Moon/playground/h5/fis-practice
74 error Darwin 15.4.0
75 error argv "/usr/local/bin/node" "/usr/local/bin/npm" "update" "fis3" "-g" "--verbose"
76 error node v4.4.2
77 error npm  v2.15.0
78 error path /usr/local/bin/fis3
79 error code EACCES
80 error errno -13
81 error syscall unlink
82 error Error: EACCES: permission denied, unlink '/usr/local/bin/fis3'
82 error     at Error (native)
82 error  { [Error: EACCES: permission denied, unlink '/usr/local/bin/fis3']
82 error   errno: -13,
82 error   code: 'EACCES',
82 error   syscall: 'unlink',
82 error   path: '/usr/local/bin/fis3' }
83 error Please try running this command again as root/Administrator.
84 verbose exit [ -13, true ]
85 verbose unbuild lib/node_modules/fis3
86 info preuninstall fis3@3.2.0
87 info uninstall fis3@3.2.0
88 verbose unbuild rmStuff fis3@3.2.0 from /usr/local/lib/node_modules
89 silly gentlyRm /usr/local/bin/fis3 is being gently removed
90 silly gentlyRm verifying /usr/local is an npm working directory
91 silly gentlyRm containing path /usr/local is under npm's control, in /usr/local
92 silly gentlyRm deletion target /usr/local/bin/fis3 is under /usr/local
93 verbose gentlyRm vacuuming from /usr/local/bin/fis3 up to /usr/local
94 silly vacuum-fs removing /usr/local/bin/fis3
95 error error rolling back Error: EACCES: permission denied, unlink '/usr/local/bin/fis3'
95 error error rolling back     at Error (native)
95 error error rolling back  { [Error: EACCES: permission denied, unlink '/usr/local/bin/fis3']
95 error error rolling back   errno: -13,
95 error error rolling back   code: 'EACCES',
95 error error rolling back   syscall: 'unlink',
95 error error rolling back   path: '/usr/local/bin/fis3' }
